UnityGame/unityLibrary/build/intermediates/manifest_merge_blame_file/debug/manifest-merger-blame-debug-report.txt
1<?xml version="1.0" encoding="utf-8"?>
2<!-- GENERATED BY UNITY. REMOVE THIS COMMENT TO PREVENT OVERWRITING WHEN EXPORTING AGAIN -->
3<manifest xmlns:android="http://schemas.android.com/apk/res/android"
4    xmlns:tools="http://schemas.android.com/tools"
5    package="com.unity3d.player" >
6
7    <uses-sdk
8        android:minSdkVersion="26"
8-->src\main\AndroidManifest.xml
9        android:targetSdkVersion="30" />
9-->src\main\AndroidManifest.xml
10
11    <uses-feature android:glEsVersion="0x00030000" />
11-->src\main\AndroidManifest.xml:14:3-52
11-->src\main\AndroidManifest.xml:14:17-49
12    <uses-feature
12-->src\main\AndroidManifest.xml:15:3-91
13        android:name="android.hardware.vulkan.version"
13-->src\main\AndroidManifest.xml:15:17-63
14        android:required="false" />
14-->src\main\AndroidManifest.xml:15:64-88
15
16    <uses-permission android:name="android.permission.INTERNET" />
16-->src\main\AndroidManifest.xml:16:3-65
16-->src\main\AndroidManifest.xml:16:20-62
17    <uses-permission android:name="android.permission.CAMERA" />
17-->src\main\AndroidManifest.xml:17:3-63
17-->src\main\AndroidManifest.xml:17:20-60
18
19    <uses-feature
19-->src\main\AndroidManifest.xml:18:3-83
20        android:name="android.hardware.camera"
20-->src\main\AndroidManifest.xml:18:17-55
21        android:required="false" />
21-->src\main\AndroidManifest.xml:18:56-80
22    <uses-feature
22-->src\main\AndroidManifest.xml:19:3-93
23        android:name="android.hardware.camera.autofocus"
23-->src\main\AndroidManifest.xml:19:17-65
24        android:required="false" />
24-->src\main\AndroidManifest.xml:19:66-90
25    <uses-feature
25-->src\main\AndroidManifest.xml:20:3-89
26        android:name="android.hardware.camera.front"
26-->src\main\AndroidManifest.xml:20:17-61
27        android:required="false" />
27-->src\main\AndroidManifest.xml:20:62-86
28    <uses-feature
28-->src\main\AndroidManifest.xml:21:3-88
29        android:name="android.hardware.touchscreen"
29-->src\main\AndroidManifest.xml:21:17-60
30        android:required="false" />
30-->src\main\AndroidManifest.xml:21:61-85
31    <uses-feature
31-->src\main\AndroidManifest.xml:22:3-99
32        android:name="android.hardware.touchscreen.multitouch"
32-->src\main\AndroidManifest.xml:22:17-71
33        android:required="false" />
33-->src\main\AndroidManifest.xml:22:72-96
34    <uses-feature
34-->src\main\AndroidManifest.xml:23:3-108
35        android:name="android.hardware.touchscreen.multitouch.distinct"
35-->src\main\AndroidManifest.xml:23:17-80
36        android:required="false" />
36-->src\main\AndroidManifest.xml:23:81-105
37
38    <application>
38-->src\main\AndroidManifest.xml:4:3-13:17
39        <activity
39-->src\main\AndroidManifest.xml:5:5-8:16
40            android:name="com.unity3d.player.UnityPlayerActivity"
40-->src\main\AndroidManifest.xml:5:15-68
41            android:configChanges="mcc|mnc|locale|touchscreen|keyboard|keyboardHidden|navigation|orientation|screenLayout|uiMode|screenSize|smallestScreenSize|fontScale|layoutDirection|density"
41-->src\main\AndroidManifest.xml:5:182-363
42            android:hardwareAccelerated="false"
42-->src\main\AndroidManifest.xml:5:364-399
43            android:launchMode="singleTask"
43-->src\main\AndroidManifest.xml:5:150-181
44            android:screenOrientation="fullSensor"
44-->src\main\AndroidManifest.xml:5:111-149
45            android:theme="@style/UnityThemeSelector" >
45-->src\main\AndroidManifest.xml:5:69-110
46            <meta-data
46-->src\main\AndroidManifest.xml:6:7-82
47                android:name="unityplayer.UnityActivity"
47-->src\main\AndroidManifest.xml:6:18-58
48                android:value="true" />
48-->src\main\AndroidManifest.xml:6:59-79
49            <meta-data
49-->src\main\AndroidManifest.xml:7:7-78
50                android:name="android.notch_support"
50-->src\main\AndroidManifest.xml:7:18-54
51                android:value="true" />
51-->src\main\AndroidManifest.xml:7:55-75
52        </activity>
53
54        <meta-data
54-->src\main\AndroidManifest.xml:9:5-69
55            android:name="unity.splash-mode"
55-->src\main\AndroidManifest.xml:9:16-48
56            android:value="0" />
56-->src\main\AndroidManifest.xml:9:49-66
57        <meta-data
57-->src\main\AndroidManifest.xml:10:5-74
58            android:name="unity.splash-enable"
58-->src\main\AndroidManifest.xml:10:16-50
59            android:value="True" />
59-->src\main\AndroidManifest.xml:10:51-71
60        <meta-data
60-->src\main\AndroidManifest.xml:11:5-81
61            android:name="notch.config"
61-->src\main\AndroidManifest.xml:11:16-43
62            android:value="portrait|landscape" />
62-->src\main\AndroidManifest.xml:11:44-78
63        <meta-data
63-->src\main\AndroidManifest.xml:12:5-101
64            android:name="unity.build-id"
64-->src\main\AndroidManifest.xml:12:16-45
65            android:value="138c0786-0b96-41e0-9523-4c0337dd8996" />
65-->src\main\AndroidManifest.xml:12:46-98
66    </application>
67
68</manifest>